<?xml version="1.0" encoding="UTF-8"?>
<!-- Generated by org.testng.reporters.JUnitReportReporter -->
<testsuite hostname="DESKTOP-L997CC9" failures="0" tests="2" name="HMS.admin.testcases.testhomepage" time="0.799" errors="0" timestamp="2021-02-02T18:18:34 IST" skipped="0">
  <testcase classname="HMS.admin.testcases.testhomepage" name="checkfrtitle" time="0.214"/>
  <system-out/>
  <testcase classname="HMS.admin.testcases.testhomepage" name="checktext" time="0.585"/>
  <system-out/>
</testsuite> <!-- HMS.admin.testcases.testhomepage -->
